gradleBuild/outputs/logs/manifest-merger-debug-report.txt
-- Merging decision tree log ---
manifest
ADDED from aakash_tensorflow_android\AndroidManifest.xml:18:1-76:12
INJECTED from aakash_tensorflow_android\AndroidManifest.xml:18:1-76:12
INJECTED from aakash_tensorflow_android\AndroidManifest.xml:18:1-76:12
INJECTED from aakash_tensorflow_android\AndroidManifest.xml:18:1-76:12
MERGED from [org.tensorflow:tensorflow-android:1.13.1] AndroidManifest.xml:2:1-8:12
INJECTED from aakash_tensorflow_android\AndroidManifest.xml:18:1-76:12
INJECTED from aakash_tensorflow_android\AndroidManifest.xml:18:1-76:12
INJECTED from aakash_tensorflow_android\AndroidManifest.xml:18:1-76:12
	package
		ADDED from aakash_tensorflow_android\AndroidManifest.xml:19:5-34
		INJECTED from aakash_tensorflow_android\AndroidManifest.xml
		INJECTED from aakash_tensorflow_android\AndroidManifest.xml
	android:versionName
		INJECTED from aakash_tensorflow_android\AndroidManifest.xml
		ADDED from aakash_tensorflow_android\AndroidManifest.xml:18:1-76:12
		INJECTED from aakash_tensorflow_android\AndroidManifest.xml
	android:versionCode
		INJECTED from aakash_tensorflow_android\AndroidManifest.xml
		ADDED from aakash_tensorflow_android\AndroidManifest.xml:18:1-76:12
		INJECTED from aakash_tensorflow_android\AndroidManifest.xml
	xmlns:android
		ADDED from aakash_tensorflow_android\AndroidManifest.xml:18:11-69
uses-permission#android.permission.CAMERA
ADDED from aakash_tensorflow_android\AndroidManifest.xml:21:5-65
	android:name
		ADDED from aakash_tensorflow_android\AndroidManifest.xml:21:22-62
uses-feature#android.hardware.camera
ADDED from aakash_tensorflow_android\AndroidManifest.xml:22:5-60
	android:name
		ADDED from aakash_tensorflow_android\AndroidManifest.xml:22:19-57
uses-feature#android.hardware.camera.autofocus
ADDED from aakash_tensorflow_android\AndroidManifest.xml:23:5-70
	android:name
		ADDED from aakash_tensorflow_android\AndroidManifest.xml:23:19-67
uses-sdk
ADDED from aakash_tensorflow_android\AndroidManifest.xml:26:5-28:41
INJECTED from aakash_tensorflow_android\AndroidManifest.xml:26:5-28:41
INJECTED from aakash_tensorflow_android\AndroidManifest.xml:26:5-28:41
INJECTED from aakash_tensorflow_android\AndroidManifest.xml:26:5-28:41
INJECTED from aakash_tensorflow_android\AndroidManifest.xml:26:5-28:41
	android:targetSdkVersion
		ADDED from aakash_tensorflow_android\AndroidManifest.xml:28:9-38
		INJECTED from aakash_tensorflow_android\AndroidManifest.xml
		INJECTED from aakash_tensorflow_android\AndroidManifest.xml
	android:minSdkVersion
		ADDED from aakash_tensorflow_android\AndroidManifest.xml:27:9-35
		INJECTED from aakash_tensorflow_android\AndroidManifest.xml
		INJECTED from aakash_tensorflow_android\AndroidManifest.xml
application
ADDED from aakash_tensorflow_android\AndroidManifest.xml:30:5-74:19
MERGED from [org.tensorflow:tensorflow-android:1.13.1] AndroidManifest.xml:5:5-6:19
MERGED from [org.tensorflow:tensorflow-android:1.13.1] AndroidManifest.xml:5:5-6:19
	android:supportsRtl
		ADDED from aakash_tensorflow_android\AndroidManifest.xml:33:9-35
	android:label
		ADDED from aakash_tensorflow_android\AndroidManifest.xml:34:9-41
	android:largeHeap
		ADDED from aakash_tensorflow_android\AndroidManifest.xml:32:9-33
	android:icon
		ADDED from aakash_tensorflow_android\AndroidManifest.xml:35:9-39
	android:allowBackup
		ADDED from aakash_tensorflow_android\AndroidManifest.xml:31:9-35
	android:theme
		ADDED from aakash_tensorflow_android\AndroidManifest.xml:36:9-45
activity#org.tensorflow.demo.DetectorActivity
ADDED from aakash_tensorflow_android\AndroidManifest.xml:47:9-55:16
	android:screenOrientation
		ADDED from aakash_tensorflow_android\AndroidManifest.xml:48:9-45
	android:name
		ADDED from aakash_tensorflow_android\AndroidManifest.xml:47:19-70
intent-filter#android.intent.action.MAIN+android.intent.category.LAUNCHER
ADDED from aakash_tensorflow_android\AndroidManifest.xml:51:9-54:25
action#android.intent.action.MAIN
ADDED from aakash_tensorflow_android\AndroidManifest.xml:52:13-65
	android:name
		ADDED from aakash_tensorflow_android\AndroidManifest.xml:52:21-62
category#android.intent.category.LAUNCHER
ADDED from aakash_tensorflow_android\AndroidManifest.xml:53:13-73
	android:name
		ADDED from aakash_tensorflow_android\AndroidManifest.xml:53:23-70
uses-permission#android.permission.WRITE_EXTERNAL_STORAGE
IMPLIED from aakash_tensorflow_android\AndroidManifest.xml:18:1-76:12 reason: tensorflow.contrib.android has a targetSdkVersion < 4
uses-permission#android.permission.READ_PHONE_STATE
IMPLIED from aakash_tensorflow_android\AndroidManifest.xml:18:1-76:12 reason: tensorflow.contrib.android has a targetSdkVersion < 4
uses-permission#android.permission.READ_EXTERNAL_STORAGE
IMPLIED from aakash_tensorflow_android\AndroidManifest.xml:18:1-76:12 reason: tensorflow.contrib.android requested WRITE_EXTERNAL_STORAGE